{"level":"info","message":"init","timestamp":"2022-07-27 04:59:33 PM +0200"}
{"level":"info","message":"init","timestamp":"2022-07-27 05:02:48 PM +0200"}
{"level":"info","message":"init","timestamp":"2022-07-27 05:02:50 PM +0200"}
{"level":"info","message":"init","timestamp":"2022-07-27 05:03:04 PM +0200"}
{"level":"info","message":"init","timestamp":"2022-07-27 05:03:25 PM +0200"}
{"level":"info","message":"init","timestamp":"2022-07-27 05:09:11 PM +0200"}
{"level":"info","message":"init","timestamp":"2022-07-27 05:10:19 PM +0200"}
{"level":"info","message":"init","timestamp":"2022-07-27 05:11:25 PM +0200"}
{"level":"info","message":"test","timestamp":"2022-07-27 05:11:25 PM +0200"}
{"level":"info","message":"init","timestamp":"2022-07-27 05:14:27 PM +0200"}
{"level":"info","message":"test","timestamp":"2022-07-27 05:14:28 PM +0200"}
{"level":"info","message":"init","timestamp":"2022-07-27 05:19:29 PM +0200"}
{"level":"info","message":"init","timestamp":"2022-07-27 05:21:29 PM +0200"}
{"level":"info","message":"init","timestamp":"2022-07-27 05:21:54 PM +0200"}
{"level":"info","message":"test","timestamp":"2022-07-27 05:21:55 PM +0200"}
{"level":"info","message":"init","timestamp":"2022-07-27 05:32:47 PM +0200"}
{"level":"info","message":"test","timestamp":"2022-07-27 05:32:47 PM +0200"}
{"level":"info","message":"init","timestamp":"2022-07-27 05:33:19 PM +0200"}
{"level":"info","message":"test","timestamp":"2022-07-27 05:33:19 PM +0200"}
{"level":"info","message":"init","timestamp":"2022-07-27 06:45:50 PM +0200"}
{"level":"info","message":"init","timestamp":"2022-07-27 06:46:46 PM +0200"}
{"level":"info","message":"init","timestamp":"2022-07-27 06:59:45 PM +0200"}
{"level":"info","message":"init","timestamp":"2022-07-27 07:00:30 PM +0200"}
{"level":"info","message":"init","timestamp":"2022-07-27 07:00:54 PM +0200"}
{"level":"info","message":"SIGNUP","timestamp":"2022-07-27 07:01:36 PM +0200"}
{"level":"info","message":"init","timestamp":"2022-07-27 07:01:46 PM +0200"}
{"level":"info","message":"init","timestamp":"2022-07-27 07:02:25 PM +0200"}
{"level":"info","message":"init","timestamp":"2022-07-27 07:02:31 PM +0200"}
{"level":"info","message":"init","timestamp":"2022-07-27 07:02:47 PM +0200"}
{"level":"info","message":"SIGNUP","timestamp":"2022-07-27 07:03:25 PM +0200"}
{"level":"info","message":"init","timestamp":"2022-07-27 07:06:51 PM +0200"}
{"level":"info","message":"SIGNUP","timestamp":"2022-07-27 07:07:32 PM +0200"}
{"level":"info","message":"init","timestamp":"2022-07-27 07:08:13 PM +0200"}
{"level":"info","message":"SIGNUP","timestamp":"2022-07-27 07:08:56 PM +0200"}
{"level":"info","message":"init","timestamp":"2022-07-27 07:10:23 PM +0200"}
{"level":"info","message":"SIGNUP","timestamp":"2022-07-27 07:10:56 PM +0200"}
{"level":"info","message":"init","timestamp":"2022-07-27 07:11:34 PM +0200"}
{"level":"info","message":"SIGNUP","timestamp":"2022-07-27 07:12:02 PM +0200"}
{"level":"info","message":"init","timestamp":"2022-07-27 07:12:24 PM +0200"}
{"level":"info","message":"init","timestamp":"2022-07-27 07:13:44 PM +0200"}
{"level":"info","message":"init","timestamp":"2022-07-27 07:14:43 PM +0200"}
{"level":"info","message":"init","timestamp":"2022-07-27 07:15:06 PM +0200"}
{"level":"info","message":"init","timestamp":"2022-07-27 07:15:20 PM +0200"}
{"level":"info","message":"init","timestamp":"2022-07-27 07:15:30 PM +0200"}
{"level":"info","message":"init","timestamp":"2022-07-27 07:18:00 PM +0200"}
{"level":"info","message":"init","timestamp":"2022-07-27 07:19:25 PM +0200"}
{"level":"info","message":"init","timestamp":"2022-07-27 07:19:31 PM +0200"}
{"level":"info","message":"init","timestamp":"2022-07-27 07:19:48 PM +0200"}
{"level":"info","message":"SIGNUP","timestamp":"2022-07-27 07:20:05 PM +0200"}
{"level":"info","message":"SIGNUP","timestamp":"2022-07-27 07:25:26 PM +0200"}
{"level":"info","message":"init","timestamp":"2022-07-27 07:25:40 PM +0200"}
{"level":"info","message":"init","timestamp":"2022-07-27 07:28:47 PM +0200"}
{"level":"info","message":"init","timestamp":"2022-07-27 07:28:58 PM +0200"}
{"level":"info","message":"init","timestamp":"2022-07-27 07:32:20 PM +0200"}
{"level":"info","message":"init","timestamp":"2022-07-27 07:32:35 PM +0200"}
{"level":"info","message":"init","timestamp":"2022-07-27 07:36:41 PM +0200"}
{"level":"info","message":"init","timestamp":"2022-07-27 07:37:15 PM +0200"}
{"level":"info","message":"init","timestamp":"2022-07-27 07:40:13 PM +0200"}
{"level":"info","message":"init","timestamp":"2022-07-27 07:41:54 PM +0200"}
{"level":"info","message":"init","timestamp":"2022-07-27 07:44:13 PM +0200"}
{"level":"info","message":"init","timestamp":"2022-07-27 07:45:14 PM +0200"}
{"level":"info","message":"init","timestamp":"2022-07-27 07:46:33 PM +0200"}
{"level":"info","message":"init","timestamp":"2022-07-27 07:48:33 PM +0200"}
{"level":"info","message":"init","timestamp":"2022-07-27 07:49:47 PM +0200"}
{"level":"info","message":"init","timestamp":"2022-07-28 01:27:19 PM +0200"}
{"level":"info","message":"init","timestamp":"2022-07-28 01:30:05 PM +0200"}
{"level":"info","message":"init","timestamp":"2022-07-28 01:31:06 PM +0200"}
{"level":"info","message":"init","timestamp":"2022-07-28 01:43:42 PM +0200"}
{"level":"info","message":"init","timestamp":"2022-07-28 01:44:08 PM +0200"}
{"level":"info","message":"init","timestamp":"2022-07-28 01:48:47 PM +0200"}
{"level":"info","message":"init","timestamp":"2022-07-28 01:50:44 PM +0200"}
{"level":"info","message":"init","timestamp":"2022-07-28 01:52:25 PM +0200"}
{"level":"info","message":"init","timestamp":"2022-07-28 01:54:04 PM +0200"}
{"level":"info","message":"init","timestamp":"2022-07-28 01:58:05 PM +0200"}
{"level":"info","message":"init","timestamp":"2022-07-28 02:00:02 PM +0200"}
{"level":"info","message":"init","timestamp":"2022-07-28 02:03:42 PM +0200"}
{"level":"info","message":"init","timestamp":"2022-07-28 03:08:54 PM +0200"}
{"level":"info","message":"test1","timestamp":"2022-07-28 03:08:54 PM +0200"}
{"level":"info","message":"test","timestamp":"2022-07-28 03:08:54 PM +0200"}
{"level":"info","message":"init","timestamp":"2022-07-28 03:10:06 PM +0200"}
{"level":"info","message":"test1","timestamp":"2022-07-28 03:10:06 PM +0200"}
{"level":"info","message":"test","timestamp":"2022-07-28 03:10:06 PM +0200"}
{"level":"info","message":"init","timestamp":"2022-07-28 03:10:46 PM +0200"}
{"level":"info","message":"test1","timestamp":"2022-07-28 03:10:46 PM +0200"}
{"level":"info","message":"test","timestamp":"2022-07-28 03:10:46 PM +0200"}
{"level":"info","message":"init","timestamp":"2022-07-28 03:16:12 PM +0200"}
{"level":"info","message":"test1","timestamp":"2022-07-28 03:16:12 PM +0200"}
{"level":"info","message":"test","timestamp":"2022-07-28 03:16:12 PM +0200"}
{"level":"info","message":"init","timestamp":"2022-07-28 03:19:17 PM +0200"}
{"level":"info","message":"test1","timestamp":"2022-07-28 03:19:17 PM +0200"}
{"level":"info","message":"test","timestamp":"2022-07-28 03:19:17 PM +0200"}
{"level":"info","message":"init","timestamp":"2022-07-28 03:20:49 PM +0200"}
{"level":"info","message":"test1","timestamp":"2022-07-28 03:20:49 PM +0200"}
{"level":"info","message":"test","timestamp":"2022-07-28 03:20:49 PM +0200"}
{"level":"info","message":"init","timestamp":"2022-07-28 03:27:21 PM +0200"}
{"level":"info","message":"test1","timestamp":"2022-07-28 03:27:21 PM +0200"}
{"level":"info","message":"test","timestamp":"2022-07-28 03:27:21 PM +0200"}
{"level":"info","message":"init","timestamp":"2022-07-28 03:36:48 PM +0200"}
{"level":"info","message":"test1","timestamp":"2022-07-28 03:36:48 PM +0200"}
{"level":"info","message":"test","timestamp":"2022-07-28 03:36:48 PM +0200"}
{"level":"info","message":"init","timestamp":"2022-08-02 11:55:04 AM +0200"}
{"level":"info","message":"test1","timestamp":"2022-08-02 11:55:04 AM +0200"}
{"level":"info","message":"test","timestamp":"2022-08-02 11:55:04 AM +0200"}
{"level":"info","message":"init","timestamp":"2022-08-02 11:56:05 AM +0200"}
{"level":"info","message":"test1","timestamp":"2022-08-02 11:56:05 AM +0200"}
{"level":"info","message":"test","timestamp":"2022-08-02 11:56:05 AM +0200"}
{"level":"info","message":"init","timestamp":"2022-08-02 11:57:48 AM +0200"}
{"level":"info","message":"test1","timestamp":"2022-08-02 11:57:48 AM +0200"}
{"level":"info","message":"test","timestamp":"2022-08-02 11:57:49 AM +0200"}
{"level":"info","message":"init","timestamp":"2022-08-02 11:58:22 AM +0200"}
{"level":"info","message":"test1","timestamp":"2022-08-02 11:58:22 AM +0200"}
{"level":"info","message":"test","timestamp":"2022-08-02 11:58:22 AM +0200"}
{"level":"info","message":"init","timestamp":"2022-08-02 12:02:31 PM +0200"}
{"level":"info","message":"test1","timestamp":"2022-08-02 12:02:31 PM +0200"}
{"level":"info","message":"test","timestamp":"2022-08-02 12:02:31 PM +0200"}
{"level":"info","message":"SIGNUP","timestamp":"2022-08-02 12:02:59 PM +0200"}
{"level":"info","message":"SIGNUP","timestamp":"2022-08-02 12:15:59 PM +0200"}
{"level":"info","message":"SIGNUP","timestamp":"2022-08-02 12:17:37 PM +0200"}
{"level":"info","message":"SIGNUP","timestamp":"2022-08-02 12:26:06 PM +0200"}
{"level":"info","message":"init","timestamp":"2022-08-02 01:02:34 PM +0200"}
{"level":"info","message":"test1","timestamp":"2022-08-02 01:02:34 PM +0200"}
{"level":"info","message":"test","timestamp":"2022-08-02 01:02:35 PM +0200"}
{"level":"info","message":"init","timestamp":"2022-08-02 07:10:49 PM +0200"}
{"level":"info","message":"test1","timestamp":"2022-08-02 07:10:49 PM +0200"}
{"level":"info","message":"test","timestamp":"2022-08-02 07:10:50 PM +0200"}
{"level":"info","message":"init","timestamp":"2022-08-03 09:48:30 AM +0200"}
{"level":"info","message":"test1","timestamp":"2022-08-03 09:48:30 AM +0200"}
{"level":"info","message":"test","timestamp":"2022-08-03 09:48:30 AM +0200"}
{"level":"info","message":"init","timestamp":"2022-08-03 09:49:40 AM +0200"}
{"level":"info","message":"test1","timestamp":"2022-08-03 09:49:40 AM +0200"}
{"level":"info","message":"test","timestamp":"2022-08-03 09:49:40 AM +0200"}
{"level":"info","message":"init","timestamp":"2022-08-03 09:50:18 AM +0200"}
{"level":"info","message":"test1","timestamp":"2022-08-03 09:50:18 AM +0200"}
{"level":"info","message":"test","timestamp":"2022-08-03 09:50:18 AM +0200"}
{"level":"info","message":"init","timestamp":"2022-08-03 09:50:51 AM +0200"}
{"level":"info","message":"test1","timestamp":"2022-08-03 09:50:51 AM +0200"}
{"level":"info","message":"test","timestamp":"2022-08-03 09:50:51 AM +0200"}
{"level":"info","message":"init","timestamp":"2022-08-03 10:47:10 AM +0200"}
{"level":"info","message":"test1","timestamp":"2022-08-03 10:47:10 AM +0200"}
{"level":"info","message":"test","timestamp":"2022-08-03 10:47:10 AM +0200"}
{"level":"info","message":"init","timestamp":"2022-08-03 10:52:02 AM +0200"}
{"level":"info","message":"test1","timestamp":"2022-08-03 10:52:02 AM +0200"}
{"level":"info","message":"test","timestamp":"2022-08-03 10:52:02 AM +0200"}
{"level":"info","message":"init","timestamp":"2022-08-03 10:57:43 AM +0200"}
{"level":"info","message":"test1","timestamp":"2022-08-03 10:57:43 AM +0200"}
{"level":"info","message":"test","timestamp":"2022-08-03 10:57:43 AM +0200"}
{"level":"info","message":"SIGNUP","timestamp":"2022-08-03 11:00:52 AM +0200"}
{"level":"info","message":"init","timestamp":"2022-08-03 11:59:22 AM +0200"}
{"level":"info","message":"test1","timestamp":"2022-08-03 11:59:22 AM +0200"}
{"level":"info","message":"test","timestamp":"2022-08-03 11:59:23 AM +0200"}
{"level":"info","message":"init","timestamp":"2022-08-03 12:01:17 PM +0200"}
{"level":"info","message":"test1","timestamp":"2022-08-03 12:01:17 PM +0200"}
{"level":"info","message":"test","timestamp":"2022-08-03 12:01:17 PM +0200"}
{"level":"info","message":"init","timestamp":"2022-08-03 12:15:04 PM +0200"}
{"level":"info","message":"test1","timestamp":"2022-08-03 12:15:04 PM +0200"}
{"level":"info","message":"test","timestamp":"2022-08-03 12:15:05 PM +0200"}
{"level":"info","message":"init","timestamp":"2022-08-03 12:17:47 PM +0200"}
{"level":"info","message":"test1","timestamp":"2022-08-03 12:17:47 PM +0200"}
{"level":"info","message":"test","timestamp":"2022-08-03 12:17:48 PM +0200"}
{"level":"info","message":"init","timestamp":"2022-08-03 12:19:03 PM +0200"}
{"level":"info","message":"test1","timestamp":"2022-08-03 12:19:03 PM +0200"}
{"level":"info","message":"test","timestamp":"2022-08-03 12:19:03 PM +0200"}
{"level":"info","message":"SIGNUP","timestamp":"2022-08-03 12:20:05 PM +0200"}
{"level":"info","message":"init","timestamp":"2022-08-03 12:22:46 PM +0200"}
{"level":"info","message":"test1","timestamp":"2022-08-03 12:22:46 PM +0200"}
{"level":"info","message":"test","timestamp":"2022-08-03 12:22:47 PM +0200"}
{"level":"info","message":"init","timestamp":"2022-08-03 12:23:01 PM +0200"}
{"level":"info","message":"test1","timestamp":"2022-08-03 12:23:01 PM +0200"}
{"level":"info","message":"test","timestamp":"2022-08-03 12:23:01 PM +0200"}
{"level":"info","message":"init","timestamp":"2022-08-03 12:23:11 PM +0200"}
{"level":"info","message":"test1","timestamp":"2022-08-03 12:23:11 PM +0200"}
{"level":"info","message":"test","timestamp":"2022-08-03 12:23:11 PM +0200"}
{"level":"info","message":"init","timestamp":"2022-08-03 07:32:07 PM +0200"}
{"level":"info","message":"test1","timestamp":"2022-08-03 07:32:07 PM +0200"}
{"level":"info","message":"test","timestamp":"2022-08-03 07:32:07 PM +0200"}
{"level":"info","message":"init","timestamp":"2022-08-03 07:36:15 PM +0200"}
{"level":"info","message":"test1","timestamp":"2022-08-03 07:36:15 PM +0200"}
{"level":"info","message":"test","timestamp":"2022-08-03 07:36:15 PM +0200"}
{"level":"info","message":"SIGNUP","timestamp":"2022-08-03 07:36:19 PM +0200"}
{"level":"info","message":"init","timestamp":"2022-08-03 07:46:57 PM +0200"}
{"level":"info","message":"test1","timestamp":"2022-08-03 07:46:57 PM +0200"}
{"level":"info","message":"test","timestamp":"2022-08-03 07:46:57 PM +0200"}
{"level":"info","message":"init","timestamp":"2022-08-03 07:47:37 PM +0200"}
{"level":"info","message":"test1","timestamp":"2022-08-03 07:47:37 PM +0200"}
{"level":"info","message":"test","timestamp":"2022-08-03 07:47:37 PM +0200"}
{"level":"info","message":"SIGNUP","timestamp":"2022-08-03 07:47:50 PM +0200"}
{"level":"info","message":"init","timestamp":"2022-08-04 08:25:19 AM +0200"}
{"level":"info","message":"test1","timestamp":"2022-08-04 08:25:19 AM +0200"}
{"level":"info","message":"test","timestamp":"2022-08-04 08:25:19 AM +0200"}
{"level":"info","message":"SIGNUP","timestamp":"2022-08-04 08:26:00 AM +0200"}
{"level":"info","message":"init","timestamp":"2022-08-04 08:44:18 AM +0200"}
{"level":"info","message":"test1","timestamp":"2022-08-04 08:44:18 AM +0200"}
{"level":"info","message":"test","timestamp":"2022-08-04 08:44:18 AM +0200"}
